IDENTIFIER   -	 MojaSekwencjaChoice
ASSIGN       -	 ::=
SEQUENCE     -	 SEQUENCE
CLIP_LEFT    -	 {
IDENTIFIER   -	 a
UINT         -	 UINT
PARAMETRIZE  -	 _
NUMBER       -	 8
IDENTIFIER   -	 b
ASSIGN       -	 ::=
CHOICE       -	 CHOICE
SQUARE_LEFT  -	 [
IDENTIFIER   -	 a
SQUARE_RIGHT -	 ]
CLIP_LEFT    -	 {
IDENTIFIER   -	 c
UINT         -	 UINT
SQUARE_LEFT  -	 [
IDENTIFIER   -	 a
GREATER      -	 >
NUMBER       -	 0
AND          -	 AND
IDENTIFIER   -	 a
LESS         -	 <
NUMBER       -	 100
SQUARE_RIGHT -	 ]
IDENTIFIER   -	 d
BOOL         -	 BOOL
SQUARE_LEFT  -	 [
IDENTIFIER   -	 a
EQUAL        -	 ==
NUMBER       -	 0
SQUARE_RIGHT -	 ]
IDENTIFIER   -	 e
BITSTRING    -	 BITSTRING
PARAMETRIZE  -	 _
NUMBER       -	 16
SQUARE_LEFT  -	 [
IDENTIFIER   -	 a
EQUAL        -	 ==
NUMBER       -	 100
OR           -	 OR
IDENTIFIER   -	 a
EQUAL        -	 ==
NUMBER       -	 110
SQUARE_RIGHT -	 ]
IDENTIFIER   -	 f
IDENTIFIER   -	 DITSTRING
SQUARE_LEFT  -	 [
DEFAULT      -	 DEFAULT
SQUARE_RIGHT -	 ]
CLIP_RIGHT   -	 }
IDENTIFIER   -	 g
ASSIGN       -	 ::=
CHOICE       -	 CHOICE
SQUARE_LEFT  -	 [
IDENTIFIER   -	 b
SQUARE_RIGHT -	 ]
CLIP_LEFT    -	 {
IDENTIFIER   -	 i
BOOL         -	 BOOL
SQUARE_LEFT  -	 [
IDENTIFIER   -	 b
EQUAL        -	 ==
IDENTIFIER   -	 TRUE
SQUARE_RIGHT -	 ]
IDENTIFIER   -	 j
UINT         -	 UINT
SQUARE_LEFT  -	 [
DEFAULT      -	 DEFAULT
SQUARE_RIGHT -	 ]
CLIP_RIGHT   -	 }
CLIP_RIGHT   -	 }